INFO - 2024-05-18 09:09:03 --> Session: Class initialized using 'CodeIgniter\Session\Handlers\FileHandler' driver.
INFO - 2024-05-18 09:19:06 --> Session: Class initialized using 'CodeIgniter\Session\Handlers\FileHandler' driver.
INFO - 2024-05-18 09:19:08 --> Session: Class initialized using 'CodeIgniter\Session\Handlers\FileHandler' driver.
INFO - 2024-05-18 09:19:08 --> Session: Class initialized using 'CodeIgniter\Session\Handlers\FileHandler' driver.
INFO - 2024-05-18 09:19:13 --> Session: Class initialized using 'CodeIgniter\Session\Handlers\FileHandler' driver.
INFO - 2024-05-18 09:19:19 --> Session: Class initialized using 'CodeIgniter\Session\Handlers\FileHandler' driver.
INFO - 2024-05-18 09:19:22 --> Session: Class initialized using 'CodeIgniter\Session\Handlers\FileHandler' driver.
INFO - 2024-05-18 09:19:22 --> Session: Class initialized using 'CodeIgniter\Session\Handlers\FileHandler' driver.
INFO - 2024-05-18 09:19:25 --> Session: Class initialized using 'CodeIgniter\Session\Handlers\FileHandler' driver.
INFO - 2024-05-18 09:19:27 --> Session: Class initialized using 'CodeIgniter\Session\Handlers\FileHandler' driver.
INFO - 2024-05-18 09:19:27 --> Session: Class initialized using 'CodeIgniter\Session\Handlers\FileHandler' driver.
INFO - 2024-05-18 09:19:29 --> Session: Class initialized using 'CodeIgniter\Session\Handlers\FileHandler' driver.
INFO - 2024-05-18 09:19:37 --> Session: Class initialized using 'CodeIgniter\Session\Handlers\FileHandler' driver.
INFO - 2024-05-18 09:23:04 --> Session: Class initialized using 'CodeIgniter\Session\Handlers\FileHandler' driver.
INFO - 2024-05-18 09:23:13 --> Session: Class initialized using 'CodeIgniter\Session\Handlers\FileHandler' driver.
INFO - 2024-05-18 09:23:29 --> Session: Class initialized using 'CodeIgniter\Session\Handlers\FileHandler' driver.
INFO - 2024-05-18 09:23:43 --> Session: Class initialized using 'CodeIgniter\Session\Handlers\FileHandler' driver.
INFO - 2024-05-18 09:23:51 --> Session: Class initialized using 'CodeIgniter\Session\Handlers\FileHandler' driver.
INFO - 2024-05-18 09:23:58 --> Session: Class initialized using 'CodeIgniter\Session\Handlers\FileHandler' driver.
INFO - 2024-05-18 09:24:10 --> Session: Class initialized using 'CodeIgniter\Session\Handlers\FileHandler' driver.
INFO - 2024-05-18 09:24:17 --> Session: Class initialized using 'CodeIgniter\Session\Handlers\FileHandler' driver.
INFO - 2024-05-18 09:24:27 --> Session: Class initialized using 'CodeIgniter\Session\Handlers\FileHandler' driver.
INFO - 2024-05-18 09:24:33 --> Session: Class initialized using 'CodeIgniter\Session\Handlers\FileHandler' driver.
INFO - 2024-05-18 09:25:33 --> Session: Class initialized using 'CodeIgniter\Session\Handlers\FileHandler' driver.
INFO - 2024-05-18 09:25:55 --> Session: Class initialized using 'CodeIgniter\Session\Handlers\FileHandler' driver.
CRITICAL - 2024-05-18 09:25:55 --> ErrorException: Undefined variable $productNamesString
in APPPATH\Views\payment\pay.php on line 15.
 1 APPPATH\Views\payment\pay.php(15): CodeIgniter\Debug\Exceptions->errorHandler(2, 'Undefined variable $productNamesString', 'D:\\Programmer\\Xampp\\htdocs\\ecake\\app\\Views\\payment\\pay.php', 15)
 2 SYSTEMPATH\View\View.php(228): include('D:\\Programmer\\Xampp\\htdocs\\ecake\\app\\Views\\payment\\pay.php')
 3 SYSTEMPATH\View\View.php(231): CodeIgniter\View\View->CodeIgniter\View\{closure}()
 4 SYSTEMPATH\Common.php(1178): CodeIgniter\View\View->render('payment/pay', [], true)
 5 APPPATH\Controllers\Payment.php(28): view('payment/pay', [...])
 6 SYSTEMPATH\CodeIgniter.php(941): App\Controllers\Payment->pay()
 7 SYSTEMPATH\CodeIgniter.php(502): CodeIgniter\CodeIgniter->runController(Object(App\Controllers\Payment))
 8 SYSTEMPATH\CodeIgniter.php(361): CodeIgniter\CodeIgniter->handleRequest(null, Object(Config\Cache), false)
 9 FCPATH\index.php(79): CodeIgniter\CodeIgniter->run()
10 SYSTEMPATH\Commands\Server\rewrite.php(47): require_once('D:\\Programmer\\Xampp\\htdocs\\ecake\\public\\index.php')
INFO - 2024-05-18 09:26:16 --> Session: Class initialized using 'CodeIgniter\Session\Handlers\FileHandler' driver.
CRITICAL - 2024-05-18 09:26:16 --> ErrorException: Undefined variable $nama
in APPPATH\Views\payment\pay.php on line 15.
 1 APPPATH\Views\payment\pay.php(15): CodeIgniter\Debug\Exceptions->errorHandler(2, 'Undefined variable $nama', 'D:\\Programmer\\Xampp\\htdocs\\ecake\\app\\Views\\payment\\pay.php', 15)
 2 SYSTEMPATH\View\View.php(228): include('D:\\Programmer\\Xampp\\htdocs\\ecake\\app\\Views\\payment\\pay.php')
 3 SYSTEMPATH\View\View.php(231): CodeIgniter\View\View->CodeIgniter\View\{closure}()
 4 SYSTEMPATH\Common.php(1178): CodeIgniter\View\View->render('payment/pay', [], true)
 5 APPPATH\Controllers\Payment.php(28): view('payment/pay', [...])
 6 SYSTEMPATH\CodeIgniter.php(941): App\Controllers\Payment->pay()
 7 SYSTEMPATH\CodeIgniter.php(502): CodeIgniter\CodeIgniter->runController(Object(App\Controllers\Payment))
 8 SYSTEMPATH\CodeIgniter.php(361): CodeIgniter\CodeIgniter->handleRequest(null, Object(Config\Cache), false)
 9 FCPATH\index.php(79): CodeIgniter\CodeIgniter->run()
10 SYSTEMPATH\Commands\Server\rewrite.php(47): require_once('D:\\Programmer\\Xampp\\htdocs\\ecake\\public\\index.php')
INFO - 2024-05-18 09:26:41 --> Session: Class initialized using 'CodeIgniter\Session\Handlers\FileHandler' driver.
CRITICAL - 2024-05-18 09:26:41 --> ErrorException: Undefined array key "nama"
in APPPATH\Views\payment\pay.php on line 15.
 1 APPPATH\Views\payment\pay.php(15): CodeIgniter\Debug\Exceptions->errorHandler(2, 'Undefined array key "nama"', 'D:\\Programmer\\Xampp\\htdocs\\ecake\\app\\Views\\payment\\pay.php', 15)
 2 SYSTEMPATH\View\View.php(228): include('D:\\Programmer\\Xampp\\htdocs\\ecake\\app\\Views\\payment\\pay.php')
 3 SYSTEMPATH\View\View.php(231): CodeIgniter\View\View->CodeIgniter\View\{closure}()
 4 SYSTEMPATH\Common.php(1178): CodeIgniter\View\View->render('payment/pay', [], true)
 5 APPPATH\Controllers\Payment.php(28): view('payment/pay', [...])
 6 SYSTEMPATH\CodeIgniter.php(941): App\Controllers\Payment->pay()
 7 SYSTEMPATH\CodeIgniter.php(502): CodeIgniter\CodeIgniter->runController(Object(App\Controllers\Payment))
 8 SYSTEMPATH\CodeIgniter.php(361): CodeIgniter\CodeIgniter->handleRequest(null, Object(Config\Cache), false)
 9 FCPATH\index.php(79): CodeIgniter\CodeIgniter->run()
10 SYSTEMPATH\Commands\Server\rewrite.php(47): require_once('D:\\Programmer\\Xampp\\htdocs\\ecake\\public\\index.php')
INFO - 2024-05-18 09:32:43 --> Session: Class initialized using 'CodeIgniter\Session\Handlers\FileHandler' driver.
INFO - 2024-05-18 09:32:57 --> Session: Class initialized using 'CodeIgniter\Session\Handlers\FileHandler' driver.
INFO - 2024-05-18 09:33:06 --> Session: Class initialized using 'CodeIgniter\Session\Handlers\FileHandler' driver.
INFO - 2024-05-18 09:34:39 --> Session: Class initialized using 'CodeIgniter\Session\Handlers\FileHandler' driver.
INFO - 2024-05-18 09:35:25 --> Session: Class initialized using 'CodeIgniter\Session\Handlers\FileHandler' driver.
INFO - 2024-05-18 09:36:06 --> Session: Class initialized using 'CodeIgniter\Session\Handlers\FileHandler' driver.
INFO - 2024-05-18 09:36:41 --> Session: Class initialized using 'CodeIgniter\Session\Handlers\FileHandler' driver.
INFO - 2024-05-18 09:37:33 --> Session: Class initialized using 'CodeIgniter\Session\Handlers\FileHandler' driver.
INFO - 2024-05-18 09:37:37 --> Session: Class initialized using 'CodeIgniter\Session\Handlers\FileHandler' driver.
INFO - 2024-05-18 09:37:46 --> Session: Class initialized using 'CodeIgniter\Session\Handlers\FileHandler' driver.
INFO - 2024-05-18 09:40:22 --> Session: Class initialized using 'CodeIgniter\Session\Handlers\FileHandler' driver.
INFO - 2024-05-18 09:45:13 --> Session: Class initialized using 'CodeIgniter\Session\Handlers\FileHandler' driver.
CRITICAL - 2024-05-18 09:45:13 --> ErrorException: Undefined variable $productNamesString
in APPPATH\Views\payment\pay.php on line 15.
 1 APPPATH\Views\payment\pay.php(15): CodeIgniter\Debug\Exceptions->errorHandler(2, 'Undefined variable $productNamesString', 'D:\\Programmer\\Xampp\\htdocs\\ecake\\app\\Views\\payment\\pay.php', 15)
 2 SYSTEMPATH\View\View.php(228): include('D:\\Programmer\\Xampp\\htdocs\\ecake\\app\\Views\\payment\\pay.php')
 3 SYSTEMPATH\View\View.php(231): CodeIgniter\View\View->CodeIgniter\View\{closure}()
 4 SYSTEMPATH\Common.php(1178): CodeIgniter\View\View->render('payment/pay', [], true)
 5 APPPATH\Controllers\Payment.php(28): view('payment/pay', [...])
 6 SYSTEMPATH\CodeIgniter.php(941): App\Controllers\Payment->pay()
 7 SYSTEMPATH\CodeIgniter.php(502): CodeIgniter\CodeIgniter->runController(Object(App\Controllers\Payment))
 8 SYSTEMPATH\CodeIgniter.php(361): CodeIgniter\CodeIgniter->handleRequest(null, Object(Config\Cache), false)
 9 FCPATH\index.php(79): CodeIgniter\CodeIgniter->run()
10 SYSTEMPATH\Commands\Server\rewrite.php(47): require_once('D:\\Programmer\\Xampp\\htdocs\\ecake\\public\\index.php')
INFO - 2024-05-18 09:47:06 --> Session: Class initialized using 'CodeIgniter\Session\Handlers\FileHandler' driver.
CRITICAL - 2024-05-18 09:47:06 --> ErrorException: Undefined variable $productNamesString
in APPPATH\Views\payment\pay.php on line 15.
 1 APPPATH\Views\payment\pay.php(15): CodeIgniter\Debug\Exceptions->errorHandler(2, 'Undefined variable $productNamesString', 'D:\\Programmer\\Xampp\\htdocs\\ecake\\app\\Views\\payment\\pay.php', 15)
 2 SYSTEMPATH\View\View.php(228): include('D:\\Programmer\\Xampp\\htdocs\\ecake\\app\\Views\\payment\\pay.php')
 3 SYSTEMPATH\View\View.php(231): CodeIgniter\View\View->CodeIgniter\View\{closure}()
 4 SYSTEMPATH\Common.php(1178): CodeIgniter\View\View->render('payment/pay', [], true)
 5 APPPATH\Controllers\Payment.php(30): view('payment/pay', [...])
 6 SYSTEMPATH\CodeIgniter.php(941): App\Controllers\Payment->pay()
 7 SYSTEMPATH\CodeIgniter.php(502): CodeIgniter\CodeIgniter->runController(Object(App\Controllers\Payment))
 8 SYSTEMPATH\CodeIgniter.php(361): CodeIgniter\CodeIgniter->handleRequest(null, Object(Config\Cache), false)
 9 FCPATH\index.php(79): CodeIgniter\CodeIgniter->run()
10 SYSTEMPATH\Commands\Server\rewrite.php(47): require_once('D:\\Programmer\\Xampp\\htdocs\\ecake\\public\\index.php')
INFO - 2024-05-18 09:47:20 --> Session: Class initialized using 'CodeIgniter\Session\Handlers\FileHandler' driver.
INFO - 2024-05-18 09:49:22 --> Session: Class initialized using 'CodeIgniter\Session\Handlers\FileHandler' driver.
INFO - 2024-05-18 09:50:56 --> Session: Class initialized using 'CodeIgniter\Session\Handlers\FileHandler' driver.
INFO - 2024-05-18 09:53:17 --> Session: Class initialized using 'CodeIgniter\Session\Handlers\FileHandler' driver.
INFO - 2024-05-18 09:53:34 --> Session: Class initialized using 'CodeIgniter\Session\Handlers\FileHandler' driver.
INFO - 2024-05-18 10:02:40 --> Session: Class initialized using 'CodeIgniter\Session\Handlers\FileHandler' driver.
INFO - 2024-05-18 10:05:04 --> Session: Class initialized using 'CodeIgniter\Session\Handlers\FileHandler' driver.
INFO - 2024-05-18 10:05:25 --> Session: Class initialized using 'CodeIgniter\Session\Handlers\FileHandler' driver.
INFO - 2024-05-18 10:05:25 --> Session: Class initialized using 'CodeIgniter\Session\Handlers\FileHandler' driver.
INFO - 2024-05-18 10:05:29 --> Session: Class initialized using 'CodeIgniter\Session\Handlers\FileHandler' driver.
