CRITICAL - 2024-05-10 08:33:49 --> ErrorException: Undefined array key "jenis"
in APPPATH\Views\konsumen\kreguler.php on line 8.
 1 APPPATH\Views\konsumen\kreguler.php(8): CodeIgniter\Debug\Exceptions->errorHandler(2, 'Undefined array key "jenis"', 'D:\\Programmer\\Xampp\\htdocs\\ecake\\app\\Views\\konsumen\\kreguler.php', 8)
 2 SYSTEMPATH\View\View.php(228): include('D:\\Programmer\\Xampp\\htdocs\\ecake\\app\\Views\\konsumen\\kreguler.php')
 3 SYSTEMPATH\View\View.php(231): CodeIgniter\View\View->CodeIgniter\View\{closure}()
 4 SYSTEMPATH\Common.php(1178): CodeIgniter\View\View->render('konsumen/kreguler', [], true)
 5 APPPATH\Controllers\Home.php(70): view('konsumen/kreguler', [...])
 6 SYSTEMPATH\CodeIgniter.php(941): App\Controllers\Home->kueKeringReguler()
 7 SYSTEMPATH\CodeIgniter.php(502): CodeIgniter\CodeIgniter->runController(Object(App\Controllers\Home))
 8 SYSTEMPATH\CodeIgniter.php(361): CodeIgniter\CodeIgniter->handleRequest(null, Object(Config\Cache), false)
 9 FCPATH\index.php(79): CodeIgniter\CodeIgniter->run()
10 SYSTEMPATH\Commands\Server\rewrite.php(47): require_once('D:\\Programmer\\Xampp\\htdocs\\ecake\\public\\index.php')
CRITICAL - 2024-05-10 08:35:09 --> ErrorException: Undefined array key "jenis"
in APPPATH\Views\konsumen\kreguler.php on line 8.
 1 APPPATH\Views\konsumen\kreguler.php(8): CodeIgniter\Debug\Exceptions->errorHandler(2, 'Undefined array key "jenis"', 'D:\\Programmer\\Xampp\\htdocs\\ecake\\app\\Views\\konsumen\\kreguler.php', 8)
 2 SYSTEMPATH\View\View.php(228): include('D:\\Programmer\\Xampp\\htdocs\\ecake\\app\\Views\\konsumen\\kreguler.php')
 3 SYSTEMPATH\View\View.php(231): CodeIgniter\View\View->CodeIgniter\View\{closure}()
 4 SYSTEMPATH\Common.php(1178): CodeIgniter\View\View->render('konsumen/kreguler', [], true)
 5 APPPATH\Controllers\Home.php(70): view('konsumen/kreguler', [...])
 6 SYSTEMPATH\CodeIgniter.php(941): App\Controllers\Home->kueKeringReguler()
 7 SYSTEMPATH\CodeIgniter.php(502): CodeIgniter\CodeIgniter->runController(Object(App\Controllers\Home))
 8 SYSTEMPATH\CodeIgniter.php(361): CodeIgniter\CodeIgniter->handleRequest(null, Object(Config\Cache), false)
 9 FCPATH\index.php(79): CodeIgniter\CodeIgniter->run()
10 SYSTEMPATH\Commands\Server\rewrite.php(47): require_once('D:\\Programmer\\Xampp\\htdocs\\ecake\\public\\index.php')
CRITICAL - 2024-05-10 08:35:37 --> ErrorException: Undefined array key "jenis"
in APPPATH\Views\konsumen\kreguler.php on line 8.
 1 APPPATH\Views\konsumen\kreguler.php(8): CodeIgniter\Debug\Exceptions->errorHandler(2, 'Undefined array key "jenis"', 'D:\\Programmer\\Xampp\\htdocs\\ecake\\app\\Views\\konsumen\\kreguler.php', 8)
 2 SYSTEMPATH\View\View.php(228): include('D:\\Programmer\\Xampp\\htdocs\\ecake\\app\\Views\\konsumen\\kreguler.php')
 3 SYSTEMPATH\View\View.php(231): CodeIgniter\View\View->CodeIgniter\View\{closure}()
 4 SYSTEMPATH\Common.php(1178): CodeIgniter\View\View->render('konsumen/kreguler', [], true)
 5 APPPATH\Controllers\Home.php(70): view('konsumen/kreguler', [...])
 6 SYSTEMPATH\CodeIgniter.php(941): App\Controllers\Home->kueKeringReguler()
 7 SYSTEMPATH\CodeIgniter.php(502): CodeIgniter\CodeIgniter->runController(Object(App\Controllers\Home))
 8 SYSTEMPATH\CodeIgniter.php(361): CodeIgniter\CodeIgniter->handleRequest(null, Object(Config\Cache), false)
 9 FCPATH\index.php(79): CodeIgniter\CodeIgniter->run()
10 SYSTEMPATH\Commands\Server\rewrite.php(47): require_once('D:\\Programmer\\Xampp\\htdocs\\ecake\\public\\index.php')
CRITICAL - 2024-05-10 08:37:15 --> ErrorException: Undefined array key "jenis"
in APPPATH\Views\konsumen\kreguler.php on line 8.
 1 APPPATH\Views\konsumen\kreguler.php(8): CodeIgniter\Debug\Exceptions->errorHandler(2, 'Undefined array key "jenis"', 'D:\\Programmer\\Xampp\\htdocs\\ecake\\app\\Views\\konsumen\\kreguler.php', 8)
 2 SYSTEMPATH\View\View.php(228): include('D:\\Programmer\\Xampp\\htdocs\\ecake\\app\\Views\\konsumen\\kreguler.php')
 3 SYSTEMPATH\View\View.php(231): CodeIgniter\View\View->CodeIgniter\View\{closure}()
 4 SYSTEMPATH\Common.php(1178): CodeIgniter\View\View->render('konsumen/kreguler', [], true)
 5 APPPATH\Controllers\Home.php(70): view('konsumen/kreguler', [...])
 6 SYSTEMPATH\CodeIgniter.php(941): App\Controllers\Home->kueKeringReguler()
 7 SYSTEMPATH\CodeIgniter.php(502): CodeIgniter\CodeIgniter->runController(Object(App\Controllers\Home))
 8 SYSTEMPATH\CodeIgniter.php(361): CodeIgniter\CodeIgniter->handleRequest(null, Object(Config\Cache), false)
 9 FCPATH\index.php(79): CodeIgniter\CodeIgniter->run()
10 SYSTEMPATH\Commands\Server\rewrite.php(47): require_once('D:\\Programmer\\Xampp\\htdocs\\ecake\\public\\index.php')
CRITICAL - 2024-05-10 08:37:22 --> ErrorException: Undefined array key "jenis"
in APPPATH\Views\konsumen\kreguler.php on line 8.
 1 APPPATH\Views\konsumen\kreguler.php(8): CodeIgniter\Debug\Exceptions->errorHandler(2, 'Undefined array key "jenis"', 'D:\\Programmer\\Xampp\\htdocs\\ecake\\app\\Views\\konsumen\\kreguler.php', 8)
 2 SYSTEMPATH\View\View.php(228): include('D:\\Programmer\\Xampp\\htdocs\\ecake\\app\\Views\\konsumen\\kreguler.php')
 3 SYSTEMPATH\View\View.php(231): CodeIgniter\View\View->CodeIgniter\View\{closure}()
 4 SYSTEMPATH\Common.php(1178): CodeIgniter\View\View->render('konsumen/kreguler', [], true)
 5 APPPATH\Controllers\Home.php(70): view('konsumen/kreguler', [...])
 6 SYSTEMPATH\CodeIgniter.php(941): App\Controllers\Home->kueKeringReguler()
 7 SYSTEMPATH\CodeIgniter.php(502): CodeIgniter\CodeIgniter->runController(Object(App\Controllers\Home))
 8 SYSTEMPATH\CodeIgniter.php(361): CodeIgniter\CodeIgniter->handleRequest(null, Object(Config\Cache), false)
 9 FCPATH\index.php(79): CodeIgniter\CodeIgniter->run()
10 SYSTEMPATH\Commands\Server\rewrite.php(47): require_once('D:\\Programmer\\Xampp\\htdocs\\ecake\\public\\index.php')
CRITICAL - 2024-05-10 08:37:26 --> ErrorException: Undefined array key "kategori"
in APPPATH\Views\konsumen\kreguler.php on line 9.
 1 APPPATH\Views\konsumen\kreguler.php(9): CodeIgniter\Debug\Exceptions->errorHandler(2, 'Undefined array key "kategori"', 'D:\\Programmer\\Xampp\\htdocs\\ecake\\app\\Views\\konsumen\\kreguler.php', 9)
 2 SYSTEMPATH\View\View.php(228): include('D:\\Programmer\\Xampp\\htdocs\\ecake\\app\\Views\\konsumen\\kreguler.php')
 3 SYSTEMPATH\View\View.php(231): CodeIgniter\View\View->CodeIgniter\View\{closure}()
 4 SYSTEMPATH\Common.php(1178): CodeIgniter\View\View->render('konsumen/kreguler', [], true)
 5 APPPATH\Controllers\Home.php(70): view('konsumen/kreguler', [...])
 6 SYSTEMPATH\CodeIgniter.php(941): App\Controllers\Home->kueKeringReguler()
 7 SYSTEMPATH\CodeIgniter.php(502): CodeIgniter\CodeIgniter->runController(Object(App\Controllers\Home))
 8 SYSTEMPATH\CodeIgniter.php(361): CodeIgniter\CodeIgniter->handleRequest(null, Object(Config\Cache), false)
 9 FCPATH\index.php(79): CodeIgniter\CodeIgniter->run()
10 SYSTEMPATH\Commands\Server\rewrite.php(47): require_once('D:\\Programmer\\Xampp\\htdocs\\ecake\\public\\index.php')
CRITICAL - 2024-05-10 08:37:56 --> ErrorException: Undefined array key "jenis"
in APPPATH\Views\konsumen\kreguler.php on line 8.
 1 APPPATH\Views\konsumen\kreguler.php(8): CodeIgniter\Debug\Exceptions->errorHandler(2, 'Undefined array key "jenis"', 'D:\\Programmer\\Xampp\\htdocs\\ecake\\app\\Views\\konsumen\\kreguler.php', 8)
 2 SYSTEMPATH\View\View.php(228): include('D:\\Programmer\\Xampp\\htdocs\\ecake\\app\\Views\\konsumen\\kreguler.php')
 3 SYSTEMPATH\View\View.php(231): CodeIgniter\View\View->CodeIgniter\View\{closure}()
 4 SYSTEMPATH\Common.php(1178): CodeIgniter\View\View->render('konsumen/kreguler', [], true)
 5 APPPATH\Controllers\Home.php(70): view('konsumen/kreguler', [...])
 6 SYSTEMPATH\CodeIgniter.php(941): App\Controllers\Home->kueKeringReguler()
 7 SYSTEMPATH\CodeIgniter.php(502): CodeIgniter\CodeIgniter->runController(Object(App\Controllers\Home))
 8 SYSTEMPATH\CodeIgniter.php(361): CodeIgniter\CodeIgniter->handleRequest(null, Object(Config\Cache), false)
 9 FCPATH\index.php(79): CodeIgniter\CodeIgniter->run()
10 SYSTEMPATH\Commands\Server\rewrite.php(47): require_once('D:\\Programmer\\Xampp\\htdocs\\ecake\\public\\index.php')
CRITICAL - 2024-05-10 08:46:47 --> ErrorException: Undefined array key "jenis"
in APPPATH\Views\konsumen\kreguler.php on line 8.
 1 APPPATH\Views\konsumen\kreguler.php(8): CodeIgniter\Debug\Exceptions->errorHandler(2, 'Undefined array key "jenis"', 'D:\\Programmer\\Xampp\\htdocs\\ecake\\app\\Views\\konsumen\\kreguler.php', 8)
 2 SYSTEMPATH\View\View.php(228): include('D:\\Programmer\\Xampp\\htdocs\\ecake\\app\\Views\\konsumen\\kreguler.php')
 3 SYSTEMPATH\View\View.php(231): CodeIgniter\View\View->CodeIgniter\View\{closure}()
 4 SYSTEMPATH\Common.php(1178): CodeIgniter\View\View->render('konsumen/kreguler', [], true)
 5 APPPATH\Controllers\Home.php(70): view('konsumen/kreguler', [...])
 6 SYSTEMPATH\CodeIgniter.php(941): App\Controllers\Home->kueKeringReguler()
 7 SYSTEMPATH\CodeIgniter.php(502): CodeIgniter\CodeIgniter->runController(Object(App\Controllers\Home))
 8 SYSTEMPATH\CodeIgniter.php(361): CodeIgniter\CodeIgniter->handleRequest(null, Object(Config\Cache), false)
 9 FCPATH\index.php(79): CodeIgniter\CodeIgniter->run()
10 SYSTEMPATH\Commands\Server\rewrite.php(47): require_once('D:\\Programmer\\Xampp\\htdocs\\ecake\\public\\index.php')
CRITICAL - 2024-05-10 08:47:19 --> ErrorException: Undefined array key "jenis"
in APPPATH\Views\konsumen\kreguler.php on line 8.
 1 APPPATH\Views\konsumen\kreguler.php(8): CodeIgniter\Debug\Exceptions->errorHandler(2, 'Undefined array key "jenis"', 'D:\\Programmer\\Xampp\\htdocs\\ecake\\app\\Views\\konsumen\\kreguler.php', 8)
 2 SYSTEMPATH\View\View.php(228): include('D:\\Programmer\\Xampp\\htdocs\\ecake\\app\\Views\\konsumen\\kreguler.php')
 3 SYSTEMPATH\View\View.php(231): CodeIgniter\View\View->CodeIgniter\View\{closure}()
 4 SYSTEMPATH\Common.php(1178): CodeIgniter\View\View->render('konsumen/kreguler', [], true)
 5 APPPATH\Controllers\Home.php(70): view('konsumen/kreguler', [...])
 6 SYSTEMPATH\CodeIgniter.php(941): App\Controllers\Home->kueKeringReguler()
 7 SYSTEMPATH\CodeIgniter.php(502): CodeIgniter\CodeIgniter->runController(Object(App\Controllers\Home))
 8 SYSTEMPATH\CodeIgniter.php(361): CodeIgniter\CodeIgniter->handleRequest(null, Object(Config\Cache), false)
 9 FCPATH\index.php(79): CodeIgniter\CodeIgniter->run()
10 SYSTEMPATH\Commands\Server\rewrite.php(47): require_once('D:\\Programmer\\Xampp\\htdocs\\ecake\\public\\index.php')
CRITICAL - 2024-05-10 08:47:21 --> ErrorException: Undefined array key "jenis"
in APPPATH\Views\konsumen\kreguler.php on line 8.
 1 APPPATH\Views\konsumen\kreguler.php(8): CodeIgniter\Debug\Exceptions->errorHandler(2, 'Undefined array key "jenis"', 'D:\\Programmer\\Xampp\\htdocs\\ecake\\app\\Views\\konsumen\\kreguler.php', 8)
 2 SYSTEMPATH\View\View.php(228): include('D:\\Programmer\\Xampp\\htdocs\\ecake\\app\\Views\\konsumen\\kreguler.php')
 3 SYSTEMPATH\View\View.php(231): CodeIgniter\View\View->CodeIgniter\View\{closure}()
 4 SYSTEMPATH\Common.php(1178): CodeIgniter\View\View->render('konsumen/kreguler', [], true)
 5 APPPATH\Controllers\Home.php(70): view('konsumen/kreguler', [...])
 6 SYSTEMPATH\CodeIgniter.php(941): App\Controllers\Home->kueKeringReguler()
 7 SYSTEMPATH\CodeIgniter.php(502): CodeIgniter\CodeIgniter->runController(Object(App\Controllers\Home))
 8 SYSTEMPATH\CodeIgniter.php(361): CodeIgniter\CodeIgniter->handleRequest(null, Object(Config\Cache), false)
 9 FCPATH\index.php(79): CodeIgniter\CodeIgniter->run()
10 SYSTEMPATH\Commands\Server\rewrite.php(47): require_once('D:\\Programmer\\Xampp\\htdocs\\ecake\\public\\index.php')
