CRITICAL - 2024-05-05 02:53:25 --> ErrorException: Undefined variable $k
in APPPATH\Views\konsumen\detail.php on line 75.
 1 APPPATH\Views\konsumen\detail.php(75): CodeIgniter\Debug\Exceptions->errorHandler(2, 'Undefined variable $k', 'D:\\Programmer\\Xampp\\htdocs\\ecake\\app\\Views\\konsumen\\detail.php', 75)
 2 SYSTEMPATH\View\View.php(228): include('D:\\Programmer\\Xampp\\htdocs\\ecake\\app\\Views\\konsumen\\detail.php')
 3 SYSTEMPATH\View\View.php(231): CodeIgniter\View\View->CodeIgniter\View\{closure}()
 4 SYSTEMPATH\Common.php(1178): CodeIgniter\View\View->render('konsumen/detail', [], true)
 5 APPPATH\Controllers\Home.php(48): view('konsumen/detail', [...])
 6 SYSTEMPATH\CodeIgniter.php(941): App\Controllers\Home->detail('choco-cheese')
 7 SYSTEMPATH\CodeIgniter.php(502): CodeIgniter\CodeIgniter->runController(Object(App\Controllers\Home))
 8 SYSTEMPATH\CodeIgniter.php(361): CodeIgniter\CodeIgniter->handleRequest(null, Object(Config\Cache), false)
 9 FCPATH\index.php(79): CodeIgniter\CodeIgniter->run()
10 SYSTEMPATH\Commands\Server\rewrite.php(47): require_once('D:\\Programmer\\Xampp\\htdocs\\ecake\\public\\index.php')
CRITICAL - 2024-05-05 13:51:08 --> ErrorException: Undefined variable $k
in APPPATH\Views\konsumen\detail.php on line 137.
 1 APPPATH\Views\konsumen\detail.php(137): CodeIgniter\Debug\Exceptions->errorHandler(2, 'Undefined variable $k', 'D:\\Programmer\\Xampp\\htdocs\\ecake\\app\\Views\\konsumen\\detail.php', 137)
 2 SYSTEMPATH\View\View.php(228): include('D:\\Programmer\\Xampp\\htdocs\\ecake\\app\\Views\\konsumen\\detail.php')
 3 SYSTEMPATH\View\View.php(231): CodeIgniter\View\View->CodeIgniter\View\{closure}()
 4 SYSTEMPATH\Common.php(1178): CodeIgniter\View\View->render('konsumen/detail', [], true)
 5 APPPATH\Controllers\Home.php(48): view('konsumen/detail', [...])
 6 SYSTEMPATH\CodeIgniter.php(941): App\Controllers\Home->detail('keju')
 7 SYSTEMPATH\CodeIgniter.php(502): CodeIgniter\CodeIgniter->runController(Object(App\Controllers\Home))
 8 SYSTEMPATH\CodeIgniter.php(361): CodeIgniter\CodeIgniter->handleRequest(null, Object(Config\Cache), false)
 9 FCPATH\index.php(79): CodeIgniter\CodeIgniter->run()
10 SYSTEMPATH\Commands\Server\rewrite.php(47): require_once('D:\\Programmer\\Xampp\\htdocs\\ecake\\public\\index.php')
CRITICAL - 2024-05-05 13:53:23 --> TypeError: Cannot access offset of type string on string
in APPPATH\Views\konsumen\detail.php on line 141.
 1 SYSTEMPATH\View\View.php(228): include()
 2 SYSTEMPATH\View\View.php(231): CodeIgniter\View\View->CodeIgniter\View\{closure}()
 3 SYSTEMPATH\Common.php(1178): CodeIgniter\View\View->render('konsumen/detail', [], true)
 4 APPPATH\Controllers\Home.php(49): view('konsumen/detail', [...])
 5 SYSTEMPATH\CodeIgniter.php(941): App\Controllers\Home->detail('keju')
 6 SYSTEMPATH\CodeIgniter.php(502): CodeIgniter\CodeIgniter->runController(Object(App\Controllers\Home))
 7 SYSTEMPATH\CodeIgniter.php(361): CodeIgniter\CodeIgniter->handleRequest(null, Object(Config\Cache), false)
 8 FCPATH\index.php(79): CodeIgniter\CodeIgniter->run()
 9 SYSTEMPATH\Commands\Server\rewrite.php(47): require_once('D:\\Programmer\\Xampp\\htdocs\\ecake\\public\\index.php')
CRITICAL - 2024-05-05 14:43:06 --> ErrorException: Allowed memory size of 536870912 bytes exhausted (tried to allocate 266354688 bytes)
in APPPATH\Views\konsumen\detail.php on line 138.
 1 [internal function]: CodeIgniter\Debug\Exceptions->shutdownHandler()
CRITICAL - 2024-05-05 14:43:28 --> ErrorException: Allowed memory size of 536870912 bytes exhausted (tried to allocate 266354688 bytes)
in APPPATH\Views\konsumen\detail.php on line 138.
 1 [internal function]: CodeIgniter\Debug\Exceptions->shutdownHandler()
