CRITICAL - 2024-04-15 11:20:51 --> CodeIgniter\View\Exceptions\ViewException: Invalid file: "konsumen/produk.php"
in SYSTEMPATH\Exceptions\FrameworkException.php on line 39.
 1 SYSTEMPATH\View\View.php(216): CodeIgniter\Exceptions\FrameworkException::forInvalidFile('konsumen/produk.php')
 2 SYSTEMPATH\Common.php(1178): CodeIgniter\View\View->render('konsumen/produk', [], true)
 3 APPPATH\Controllers\Home.php(22): view('konsumen/produk', [...])
 4 SYSTEMPATH\CodeIgniter.php(941): App\Controllers\Home->product()
 5 SYSTEMPATH\CodeIgniter.php(502): CodeIgniter\CodeIgniter->runController(Object(App\Controllers\Home))
 6 SYSTEMPATH\CodeIgniter.php(361): CodeIgniter\CodeIgniter->handleRequest(null, Object(Config\Cache), false)
 7 FCPATH\index.php(79): CodeIgniter\CodeIgniter->run()
 8 SYSTEMPATH\Commands\Server\rewrite.php(47): require_once('D:\\Programmer\\Xampp\\htdocs\\ecake\\public\\index.php')
CRITICAL - 2024-04-15 11:20:54 --> CodeIgniter\View\Exceptions\ViewException: Invalid file: "konsumen/produk.php"
in SYSTEMPATH\Exceptions\FrameworkException.php on line 39.
 1 SYSTEMPATH\View\View.php(216): CodeIgniter\Exceptions\FrameworkException::forInvalidFile('konsumen/produk.php')
 2 SYSTEMPATH\Common.php(1178): CodeIgniter\View\View->render('konsumen/produk', [], true)
 3 APPPATH\Controllers\Home.php(22): view('konsumen/produk', [...])
 4 SYSTEMPATH\CodeIgniter.php(941): App\Controllers\Home->product()
 5 SYSTEMPATH\CodeIgniter.php(502): CodeIgniter\CodeIgniter->runController(Object(App\Controllers\Home))
 6 SYSTEMPATH\CodeIgniter.php(361): CodeIgniter\CodeIgniter->handleRequest(null, Object(Config\Cache), false)
 7 FCPATH\index.php(79): CodeIgniter\CodeIgniter->run()
 8 SYSTEMPATH\Commands\Server\rewrite.php(47): require_once('D:\\Programmer\\Xampp\\htdocs\\ecake\\public\\index.php')
