CRITICAL - 2024-05-01 13:18:05 --> ErrorException: Undefined variable $kue
in APPPATH\Views\konsumen\detail.php on line 15.
 1 APPPATH\Views\konsumen\detail.php(15): CodeIgniter\Debug\Exceptions->errorHandler(2, 'Undefined variable $kue', 'D:\\Programmer\\Xampp\\htdocs\\ecake\\app\\Views\\konsumen\\detail.php', 15)
 2 SYSTEMPATH\View\View.php(228): include('D:\\Programmer\\Xampp\\htdocs\\ecake\\app\\Views\\konsumen\\detail.php')
 3 SYSTEMPATH\View\View.php(231): CodeIgniter\View\View->CodeIgniter\View\{closure}()
 4 SYSTEMPATH\Common.php(1178): CodeIgniter\View\View->render('konsumen/detail', [], true)
 5 APPPATH\Controllers\Home.php(47): view('konsumen/detail', [...])
 6 SYSTEMPATH\CodeIgniter.php(941): App\Controllers\Home->detail('choco-cheese')
 7 SYSTEMPATH\CodeIgniter.php(502): CodeIgniter\CodeIgniter->runController(Object(App\Controllers\Home))
 8 SYSTEMPATH\CodeIgniter.php(361): CodeIgniter\CodeIgniter->handleRequest(null, Object(Config\Cache), false)
 9 FCPATH\index.php(79): CodeIgniter\CodeIgniter->run()
10 SYSTEMPATH\Commands\Server\rewrite.php(47): require_once('D:\\Programmer\\Xampp\\htdocs\\ecake\\public\\index.php')
CRITICAL - 2024-05-01 13:19:30 --> TypeError: Cannot access offset of type string on string
in APPPATH\Views\konsumen\detail.php on line 20.
 1 SYSTEMPATH\View\View.php(228): include()
 2 SYSTEMPATH\View\View.php(231): CodeIgniter\View\View->CodeIgniter\View\{closure}()
 3 SYSTEMPATH\Common.php(1178): CodeIgniter\View\View->render('konsumen/detail', [], true)
 4 APPPATH\Controllers\Home.php(47): view('konsumen/detail', [...])
 5 SYSTEMPATH\CodeIgniter.php(941): App\Controllers\Home->detail('choco-cheese')
 6 SYSTEMPATH\CodeIgniter.php(502): CodeIgniter\CodeIgniter->runController(Object(App\Controllers\Home))
 7 SYSTEMPATH\CodeIgniter.php(361): CodeIgniter\CodeIgniter->handleRequest(null, Object(Config\Cache), false)
 8 FCPATH\index.php(79): CodeIgniter\CodeIgniter->run()
 9 SYSTEMPATH\Commands\Server\rewrite.php(47): require_once('D:\\Programmer\\Xampp\\htdocs\\ecake\\public\\index.php')
CRITICAL - 2024-05-01 13:54:05 --> ErrorException: Undefined variable $k
in APPPATH\Views\konsumen\detail.php on line 12.
 1 APPPATH\Views\konsumen\detail.php(12): CodeIgniter\Debug\Exceptions->errorHandler(2, 'Undefined variable $k', 'D:\\Programmer\\Xampp\\htdocs\\ecake\\app\\Views\\konsumen\\detail.php', 12)
 2 SYSTEMPATH\View\View.php(228): include('D:\\Programmer\\Xampp\\htdocs\\ecake\\app\\Views\\konsumen\\detail.php')
 3 SYSTEMPATH\View\View.php(231): CodeIgniter\View\View->CodeIgniter\View\{closure}()
 4 SYSTEMPATH\Common.php(1178): CodeIgniter\View\View->render('konsumen/detail', [], true)
 5 APPPATH\Controllers\Home.php(47): view('konsumen/detail', [...])
 6 SYSTEMPATH\CodeIgniter.php(941): App\Controllers\Home->detail('keju')
 7 SYSTEMPATH\CodeIgniter.php(502): CodeIgniter\CodeIgniter->runController(Object(App\Controllers\Home))
 8 SYSTEMPATH\CodeIgniter.php(361): CodeIgniter\CodeIgniter->handleRequest(null, Object(Config\Cache), false)
 9 FCPATH\index.php(79): CodeIgniter\CodeIgniter->run()
10 SYSTEMPATH\Commands\Server\rewrite.php(47): require_once('D:\\Programmer\\Xampp\\htdocs\\ecake\\public\\index.php')
CRITICAL - 2024-05-01 13:54:12 --> ErrorException: Undefined variable $Kue
in APPPATH\Views\konsumen\detail.php on line 13.
 1 APPPATH\Views\konsumen\detail.php(13): CodeIgniter\Debug\Exceptions->errorHandler(2, 'Undefined variable $Kue', 'D:\\Programmer\\Xampp\\htdocs\\ecake\\app\\Views\\konsumen\\detail.php', 13)
 2 SYSTEMPATH\View\View.php(228): include('D:\\Programmer\\Xampp\\htdocs\\ecake\\app\\Views\\konsumen\\detail.php')
 3 SYSTEMPATH\View\View.php(231): CodeIgniter\View\View->CodeIgniter\View\{closure}()
 4 SYSTEMPATH\Common.php(1178): CodeIgniter\View\View->render('konsumen/detail', [], true)
 5 APPPATH\Controllers\Home.php(47): view('konsumen/detail', [...])
 6 SYSTEMPATH\CodeIgniter.php(941): App\Controllers\Home->detail('keju')
 7 SYSTEMPATH\CodeIgniter.php(502): CodeIgniter\CodeIgniter->runController(Object(App\Controllers\Home))
 8 SYSTEMPATH\CodeIgniter.php(361): CodeIgniter\CodeIgniter->handleRequest(null, Object(Config\Cache), false)
 9 FCPATH\index.php(79): CodeIgniter\CodeIgniter->run()
10 SYSTEMPATH\Commands\Server\rewrite.php(47): require_once('D:\\Programmer\\Xampp\\htdocs\\ecake\\public\\index.php')
